Running: fuse.exe -relaunch -intstyle "ise" -incremental -o "C:/Users/zlang/Final_Project_Complete/CPU_TB_isim_beh.exe" -prj "C:/Users/zlang/Final_Project_Complete/CPU_TB_beh.prj" "work.CPU_TB" 
ISim O.87xd (signature 0xc3576ebc)
Number of CPUs detected in this system: 8
Turning on mult-threading, number of parallel sub-compilation jobs: 16 
Determining compilation order of HDL files
Parsing VHDL file "C:/Users/zlang/Final_Project_Complete/ROM.vhd" into library work
Parsing VHDL file "C:/Users/zlang/Final_Project_Complete/Register.vhd" into library work
Parsing VHDL file "C:/Users/zlang/Final_Project_Complete/RAM.vhd" into library work
Parsing VHDL file "C:/Users/zlang/Final_Project_Complete/Display_Controller.vhd" into library work
Parsing VHDL file "C:/Users/zlang/Final_Project_Complete/CU.vhd" into library work
Parsing VHDL file "C:/Users/zlang/Final_Project_Complete/ALU.vhd" into library work
Parsing VHDL file "C:/Users/zlang/Final_Project_Complete/CPU.vhd" into library work
Parsing VHDL file "C:/Users/zlang/Final_Project_Complete/CPU_TB.vhd" into library work
Starting static elaboration
Completed static elaboration
Compiling package standard
Compiling package std_logic_1164
Compiling package std_logic_arith
Compiling package std_logic_unsigned
Compiling package numeric_std
Compiling architecture behavioural of entity ALU [alu_default]
Compiling architecture behavioural of entity Reg [reg_default]
Compiling architecture behavioral of entity CU [cu_default]
Compiling architecture behavioral of entity ROM [rom_default]
Compiling architecture behavioral of entity RAM [ram_default]
Compiling architecture arch of entity display_controller [display_controller_default]
Compiling architecture behavioral of entity CPU [cpu_default]
Compiling architecture behavior of entity cpu_tb
Time Resolution for simulation is 1ps.
Waiting for 1 sub-compilation(s) to finish...
Compiled 20 VHDL Units
Built simulation executable C:/Users/zlang/Final_Project_Complete/CPU_TB_isim_beh.exe
Fuse Memory Usage: 37824 KB
Fuse CPU Usage: 499 ms
